
Installing Oh-My-Zsh with:
  THEME   = jonathan
  PLUGINS = git ssh-agent yarn gatsby https://github.com/zsh-users/zsh-autosuggestions https://github.com/zsh-users/zsh-completions 

###### Installing dependencies for ubuntu
/usr/bin/sudo
Get:1 https://dl.yarnpkg.com/debian stable InRelease [17.1 kB]
Get:2 https://dl.yarnpkg.com/debian stable/main amd64 Packages [11.1 kB]
Get:3 https://dl.yarnpkg.com/debian stable/main all Packages [11.1 kB]
Get:4 http://security.ubuntu.com/ubuntu jammy-security InRelease [110 kB]
Get:5 http://archive.ubuntu.com/ubuntu jammy InRelease [270 kB]
Get:6 http://security.ubuntu.com/ubuntu jammy-security/restricted amd64 Packages [1572 kB]
Get:7 http://archive.ubuntu.com/ubuntu jammy-updates InRelease [119 kB]
Get:8 http://archive.ubuntu.com/ubuntu jammy-backports InRelease [109 kB]
Get:9 http://archive.ubuntu.com/ubuntu jammy/restricted amd64 Packages [164 kB]
Get:10 http://archive.ubuntu.com/ubuntu jammy/universe amd64 Packages [17.5 MB]
Get:11 http://security.ubuntu.com/ubuntu jammy-security/main amd64 Packages [1326 kB]
Get:12 http://security.ubuntu.com/ubuntu jammy-security/universe amd64 Packages [1046 kB]
Get:13 http://security.ubuntu.com/ubuntu jammy-security/multiverse amd64 Packages [44.0 kB]
Get:14 http://archive.ubuntu.com/ubuntu jammy/multiverse amd64 Packages [266 kB]
Get:15 http://archive.ubuntu.com/ubuntu jammy/main amd64 Packages [1792 kB]
Get:16 http://archive.ubuntu.com/ubuntu jammy-updates/multiverse amd64 Packages [49.8 kB]
Get:17 http://archive.ubuntu.com/ubuntu jammy-updates/restricted amd64 Packages [1602 kB]
Get:18 http://archive.ubuntu.com/ubuntu jammy-updates/main amd64 Packages [1599 kB]
Get:19 http://archive.ubuntu.com/ubuntu jammy-updates/universe amd64 Packages [1305 kB]
Get:20 http://archive.ubuntu.com/ubuntu jammy-backports/main amd64 Packages [50.4 kB]
Get:21 http://archive.ubuntu.com/ubuntu jammy-backports/universe amd64 Packages [28.1 kB]
Fetched 29.0 MB in 8s (3667 kB/s)
Reading package lists...
Reading package lists...
Building dependency tree...
Reading state information...
zsh is already the newest version (5.8.1-1).
curl is already the newest version (7.81.0-1ubuntu1.15).
git is already the newest version (1:2.34.1-1ubuntu1.10).
locales is already the newest version (2.35-0ubuntu3.5).
0 upgraded, 0 newly installed, 0 to remove and 10 not upgraded.
Reading package lists...
Building dependency tree...
Reading state information...
The following NEW packages will be installed:
  locales-all
0 upgraded, 1 newly installed, 0 to remove and 10 not upgraded.
Need to get 10.7 MB of archives.
After this operation, 233 MB of additional disk space will be used.
Get:1 http://archive.ubuntu.com/ubuntu jammy-updates/universe amd64 locales-all amd64 2.35-0ubuntu3.5 [10.7 MB]
