Arguments: 
  /usr/local/share/nvm/versions/node/v20.10.0/bin/node /usr/share/yarn/bin/yarn.js set version berry

PATH: 
  /vscode/vscode-server/bin/linux-x64/0ee08df0cf4527e40edc9aa28f4b5bd38bbff2b2/bin/remote-cli:/usr/local/share/nvm/versions/node/v20.10.0/bin:/usr/local/sdkman/bin:/usr/local/sdkman/candidates/java/current/bin:/usr/local/sdkman/candidates/gradle/current/bin:/usr/local/sdkman/candidates/maven/current/bin:/usr/local/sdkman/candidates/ant/current/bin:/usr/local/sbin:/usr/local/bin:/usr/sbin:/usr/bin:/sbin:/bin:/home/comnori/.local/bin

Yarn version: 
  1.22.19

Node version: 
  20.10.0

Platform: 
  linux x64

Trace: 
  Error: EPERM: operation not permitted, chmod '/workspaces/resume/.yarn/releases/yarn-stable-temp.cjs'

npm manifest: 
  {
    "name": "resume",
    "version": "1.0.0",
    "description": "My private result",
    "main": "index.js",
    "scripts": {
      "test": "echo \"Error: no test specified\" && exit 1"
    },
    "repository": {
      "type": "git",
      "url": "git+https://github.com/comnori/resume.git"
    },
    "keywords": [
      "gatsby",
      "resume"
    ],
    "author": "Yongsik Yun <comnori@gmail.com>",
    "license": "MIT",
    "bugs": {
      "url": "https://github.com/comnori/resume/issues"
    },
    "homepage": "https://github.com/comnori/resume#readme",
    "packageManager": "yarn@4.0.2"
  }

yarn manifest: 
  No manifest

Lockfile: 
  # THIS IS AN AUTOGENERATED FILE. DO NOT EDIT THIS FILE DIRECTLY.
  # yarn lockfile v1
